# JRE version: Java(TM) SE Runtime Environment (14.0+36) (build 14+36-1461)
# Java VM: Java HotSpot(TM) 64-Bit Server VM (14+36-1461, mixed mode, sharing, tiered, compressed oops, g1 gc, windows-amd64)
Heap:
 garbage-first heap   total 65536K, used 20441K [0x00000000fc000000, 0x0000000100000000)
  region size 1024K, 14 young (14336K), 3 survivors (3072K)
 Metaspace       used 9640K, capacity 10086K, committed 10368K, reserved 1058816K
  class space    used 1265K, capacity 1372K, committed 1408K, reserved 1048576K
GC Heap History (8 events):
Event: 0.366 GC heap before
{Heap before GC invocations=0 (full 0):
 garbage-first heap   total 65536K, used 6144K [0x00000000fc000000, 0x0000000100000000)
  region size 1024K, 6 young (6144K), 0 survivors (0K)
 Metaspace       used 1505K, capacity 4955K, committed 5120K, reserved 1056768K
  class space    used 149K, capacity 480K, committed 512K, reserved 1048576K
}
Event: 0.372 GC heap after
{Heap after GC invocations=1 (full 0):
 garbage-first heap   total 65536K, used 1514K [0x00000000fc000000, 0x0000000100000000)
  region size 1024K, 1 young (1024K), 1 survivors (1024K)
 Metaspace       used 1505K, capacity 4955K, committed 5120K, reserved 1056768K
  class space    used 149K, capacity 480K, committed 512K, reserved 1048576K
}
Event: 0.592 GC heap before
{Heap before GC invocations=1 (full 0):
 garbage-first heap   total 65536K, used 9706K [0x00000000fc000000, 0x0000000100000000)
  region size 1024K, 7 young (7168K), 1 survivors (1024K)
 Metaspace       used 1712K, capacity 4975K, committed 5120K, reserved 1056768K
  class space    used 160K, capacity 488K, committed 512K, reserved 1048576K
}
Event: 0.595 GC heap after
{Heap after GC invocations=2 (full 0):
 garbage-first heap   total 65536K, used 3023K [0x00000000fc000000, 0x0000000100000000)
  region size 1024K, 1 young (1024K), 1 survivors (1024K)
 Metaspace       used 1712K, capacity 4975K, committed 5120K, reserved 1056768K
  class space    used 160K, capacity 488K, committed 512K, reserved 1048576K
}
Event: 0.986 GC heap before
{Heap before GC invocations=2 (full 0):
 garbage-first heap   total 65536K, used 15311K [0x00000000fc000000, 0x0000000100000000)
  region size 1024K, 11 young (11264K), 1 survivors (1024K)
 Metaspace       used 3562K, capacity 6168K, committed 6400K, reserved 1056768K
  class space    used 451K, capacity 738K, committed 768K, reserved 1048576K
}
Event: 0.992 GC heap after
{Heap after GC invocations=3 (full 0):
 garbage-first heap   total 65536K, used 9285K [0x00000000fc000000, 0x0000000100000000)
  region size 1024K, 2 young (2048K), 2 survivors (2048K)
 Metaspace       used 3562K, capacity 6168K, committed 6400K, reserved 1056768K
  class space    used 451K, capacity 738K, committed 768K, reserved 1048576K
}
Event: 1.988 GC heap before
{Heap before GC invocations=3 (full 0):
 garbage-first heap   total 65536K, used 28741K [0x00000000fc000000, 0x0000000100000000)
  region size 1024K, 21 young (21504K), 2 survivors (2048K)
 Metaspace       used 7575K, capacity 9148K, committed 9216K, reserved 1056768K
  class space    used 1077K, capacity 1249K, committed 1280K, reserved 1048576K
}
Event: 1.997 GC heap after
{Heap after GC invocations=4 (full 0):
 garbage-first heap   total 65536K, used 10201K [0x00000000fc000000, 0x0000000100000000)
  region size 1024K, 3 young (3072K), 3 survivors (3072K)
 Metaspace       used 7575K, capacity 9148K, committed 9216K, reserved 1056768K
  class space    used 1077K, capacity 1249K, committed 1280K, reserved 1048576K
}

